
GET /api/contacts 05-01-2024_05:25:41
GET /api/contacts 05-01-2024_06:44:55
POST /api/contacts 05-01-2024_06:49:07
POST /api/singup 05-01-2024_06:49:28
POST /api/users 05-01-2024_06:49:41
POST /api/singup 05-01-2024_06:52:03
POST /api/singup 05-01-2024_06:52:24
POST /api/singup 05-01-2024_06:54:03
POST /api/singup 05-01-2024_06:54:05
POST /api/singup 05-01-2024_06:57:08
POST /api/auth/singup 11-01-2024_04:55:34
POST /api/auth/singup 11-01-2024_04:55:51
POST /api/auth/singup 11-01-2024_04:55:58
POST /api/auth/singup 11-01-2024_04:57:46
POST /api/auth/singup 11-01-2024_04:57:52
POST /api/auth/users 11-01-2024_04:58:33
POST /api/auth/users 11-01-2024_04:58:43
POST /api/users 11-01-2024_04:58:50
POST /api/auth-router/singup 11-01-2024_05:01:06
POST /api/auth-router/singup 11-01-2024_05:01:25
POST /api/auth-router/singup 11-01-2024_05:01:26
POST /api/auth-router/singup 11-01-2024_05:01:27
POST /api/auth/singup 11-01-2024_05:01:33
POST /api/auth/singup 11-01-2024_05:07:46
POST /api/auth/singup 11-01-2024_05:07:54
POST /api/auth/singup 11-01-2024_05:07:56
POST /api/auth/singin 11-01-2024_05:27:02
POST /api/auth/singin 11-01-2024_05:27:03
POST /api/auth/singin 11-01-2024_05:38:18
POST /api/auth/singin 11-01-2024_05:38:38
POST /api/auth/singin 11-01-2024_07:03:09
POST /api/auth/singin 11-01-2024_07:03:28
POST /api/auth/contacts 11-01-2024_07:04:18
GET /api/auth/contacts 11-01-2024_07:04:28
GET /api/contacts 11-01-2024_07:04:35